<?xml version="1.0" encoding="UTF-8"?>
<testng-results skipped="0" failed="0" ignored="0" total="2" passed="2">
  <reporter-output>
  </reporter-output>
  <suite name="Default suite" duration-ms="7355" started-at="2020-11-15T19:49:49 EST" finished-at="2020-11-15T19:49:56 EST">
    <groups>
    </groups>
    <test name="Default test" duration-ms="7355" started-at="2020-11-15T19:49:49 EST" finished-at="2020-11-15T19:49:56 EST">
      <class name="finalProject.LoginDemo">
        <test-method status="PASS" signature="test1()[pri:0, instance:finalProject.LoginDemo@5ae63ade]" name="test1" duration-ms="7308" started-at="2020-11-15T19:49:49 EST" finished-at="2020-11-15T19:49:56 EST">
          <reporter-output>
          </reporter-output>
        </test-method> <!-- test1 -->
        <test-method status="PASS" signature="test2()[pri:0, instance:finalProject.LoginDemo@5ae63ade]" name="test2" duration-ms="1" started-at="2020-11-15T19:49:56 EST" finished-at="2020-11-15T19:49:56 EST">
          <reporter-output>
          </reporter-output>
        </test-method> <!-- test2 -->
      </class> <!-- finalProject.LoginDemo -->
    </test> <!-- Default test -->
  </suite> <!-- Default suite -->
</testng-results>
